<?xml version="1.0" encoding="UTF-8"?>
<!-- Generated by org.testng.reporters.JUnitReportReporter -->
<testsuite skipped="0" hostname="sunil-HP-Notebook" name="practice.proofpoint" tests="2" failures="0" timestamp="23 Apr 2018 17:24:31 GMT" time="0.040" errors="0">
  <testcase name="testCases_inValid" time="0.025" classname="practice.proofpoint"/>
  <testcase name="testCases_valid" time="0.015" classname="practice.proofpoint"/>
</testsuite> <!-- practice.proofpoint -->
